<?xml version="1.0" encoding="UTF-8"?>
<testsuite name="com.liferay.poshi.runner.PoshiRunner" tests="1" skipped="0" failures="1" errors="0" timestamp="2015-08-14T19:28:40" hostname="Philips-MacBook-Pro.local" time="0.001">
  <properties/>
  <testcase name="initializationError" classname="com.liferay.poshi.runner.PoshiRunner" time="0.001">
    <failure message="java.lang.Exception" type="java.lang.Exception">java.lang.Exception
	at com.liferay.poshi.runner.PoshiRunnerValidation._throwExceptions(PoshiRunnerValidation.java:1416)
	at com.liferay.poshi.runner.PoshiRunnerValidation.validate(PoshiRunnerValidation.java:96)
	at com.liferay.poshi.runner.PoshiRunnerValidation.validate(PoshiRunnerValidation.java:103)
	at com.liferay.poshi.runner.PoshiRunner.getList(PoshiRunner.java:48)
	at sun.reflect.NativeMethodAccessorImpl.invoke0(Native Method)
	at sun.reflect.NativeMethodAccessorImpl.invoke(NativeMethodAccessorImpl.java:57)
	at sun.reflect.DelegatingMethodAccessorImpl.invoke(DelegatingMethodAccessorImpl.java:43)
	at java.lang.reflect.Method.invoke(Method.java:606)
	at org.junit.runners.model.FrameworkMethod$1.runReflectiveCall(FrameworkMethod.java:50)
	at org.junit.internal.runners.model.ReflectiveCallable.run(ReflectiveCallable.java:12)
	at org.junit.runners.model.FrameworkMethod.invokeExplosively(FrameworkMethod.java:47)
	at org.junit.runners.Parameterized.allParameters(Parameterized.java:280)
	at org.junit.runners.Parameterized.&lt;init&gt;(Parameterized.java:248)
	at sun.reflect.NativeConstructorAccessorImpl.newInstance0(Native Method)
	at sun.reflect.NativeConstructorAccessorImpl.newInstance(NativeConstructorAccessorImpl.java:57)
	at sun.reflect.DelegatingConstructorAccessorImpl.newInstance(DelegatingConstructorAccessorImpl.java:45)
	at java.lang.reflect.Constructor.newInstance(Constructor.java:526)
	at org.junit.internal.builders.AnnotatedBuilder.buildRunner(AnnotatedBuilder.java:104)
	at org.junit.internal.builders.AnnotatedBuilder.runnerForClass(AnnotatedBuilder.java:86)
	at org.junit.runners.model.RunnerBuilder.safeRunnerForClass(RunnerBuilder.java:59)
	at org.junit.internal.builders.AllDefaultPossibilitiesBuilder.runnerForClass(AllDefaultPossibilitiesBuilder.java:26)
	at org.junit.runners.model.RunnerBuilder.safeRunnerForClass(RunnerBuilder.java:59)
	at org.junit.internal.requests.ClassRequest.getRunner(ClassRequest.java:33)
	at org.gradle.api.internal.tasks.testing.junit.JUnitTestClassExecuter.runTestClass(JUnitTestClassExecuter.java:88)
	at org.gradle.api.internal.tasks.testing.junit.JUnitTestClassExecuter.execute(JUnitTestClassExecuter.java:56)
	at org.gradle.api.internal.tasks.testing.junit.JUnitTestClassProcessor.processTestClass(JUnitTestClassProcessor.java:64)
	at org.gradle.api.internal.tasks.testing.SuiteTestClassProcessor.processTestClass(SuiteTestClassProcessor.java:50)
	at sun.reflect.NativeMethodAccessorImpl.invoke0(Native Method)
	at sun.reflect.NativeMethodAccessorImpl.invoke(NativeMethodAccessorImpl.java:57)
	at sun.reflect.DelegatingMethodAccessorImpl.invoke(DelegatingMethodAccessorImpl.java:43)
	at java.lang.reflect.Method.invoke(Method.java:606)
	at org.gradle.messaging.dispatch.ReflectionDispatch.dispatch(ReflectionDispatch.java:35)
	at org.gradle.messaging.dispatch.ReflectionDispatch.dispatch(ReflectionDispatch.java:24)
	at org.gradle.messaging.dispatch.ContextClassLoaderDispatch.dispatch(ContextClassLoaderDispatch.java:32)
	at org.gradle.messaging.dispatch.ProxyDispatchAdapter$DispatchingInvocationHandler.invoke(ProxyDispatchAdapter.java:93)
	at com.sun.proxy.$Proxy2.processTestClass(Unknown Source)
	at org.gradle.api.internal.tasks.testing.worker.TestWorker.processTestClass(TestWorker.java:106)
	at sun.reflect.NativeMethodAccessorImpl.invoke0(Native Method)
	at sun.reflect.NativeMethodAccessorImpl.invoke(NativeMethodAccessorImpl.java:57)
	at sun.reflect.DelegatingMethodAccessorImpl.invoke(DelegatingMethodAccessorImpl.java:43)
	at java.lang.reflect.Method.invoke(Method.java:606)
	at org.gradle.messaging.dispatch.ReflectionDispatch.dispatch(ReflectionDispatch.java:35)
	at org.gradle.messaging.dispatch.ReflectionDispatch.dispatch(ReflectionDispatch.java:24)
	at org.gradle.messaging.remote.internal.hub.MessageHub$Handler.run(MessageHub.java:360)
	at org.gradle.internal.concurrent.ExecutorPolicy$CatchAndRecordFailures.onExecute(ExecutorPolicy.java:54)
	at org.gradle.internal.concurrent.StoppableExecutorImpl$1.run(StoppableExecutorImpl.java:40)
	at java.util.concurrent.ThreadPoolExecutor.runWorker(ThreadPoolExecutor.java:1145)
	at java.util.concurrent.ThreadPoolExecutor$Worker.run(ThreadPoolExecutor.java:615)
	at java.lang.Thread.run(Thread.java:745)
</failure>
  </testcase>
  <system-out><![CDATA[-- listing properties --
browser.type=*chrome
company.id=1
component.names=portal-acceptance
logger.resources.url=https://rawgit.com/liferay/liferay-portal/71473f32022889ca7fcdc1a16bee2c55e9c0c16b/modules/test/poshi-runner/src/META-INF/resources
mobile.device.type=
output.dir.name=H:\selenium-output\
portal.url=http://localhost:8080
product.names=portal
save.screenshot=true
save.source=false
selenium.chrome.driver.executable=chromedriver
selenium.executable.dir.name=../../../tools/selenium/
selenium.host=localhost
selenium.implementation=org.openqa.selenium.WebDriver
selenium.logger.enabled=false
selenium.port=14444
tcat.enabled=false
tear.down.before.test=false
test.assert.javascript.errors=true
test.assert.liferay.errors=true
test.base.dir.name=test/
test.case.available.property.names=testray.main.component.name
test.dependencies.dir.name=dependencies/
test.name=Showcase#02_Exhaustive
test.run.locally=false
test.skip.tear.down=false
testing.class.method=false
theme.ids=classic,controlpanel
timeout.explicit.wait=60
timeout.implicit.wait=3
vm.host=vm-1

1 errors in POSHI


Invalid test case class Showcase



]]></system-out>
  <system-err><![CDATA[]]></system-err>
</testsuite>
